<?xml version="1.0" encoding="UTF-8"?>
<testng-results skipped="0" failed="0" ignored="0" total="1" passed="1">
  <reporter-output>
  </reporter-output>
  <suite name="Default suite" duration-ms="99647" started-at="2020-01-09T13:36:54 IST" finished-at="2020-01-09T13:38:34 IST">
    <groups>
    </groups>
    <test name="Default test" duration-ms="99647" started-at="2020-01-09T13:36:54 IST" finished-at="2020-01-09T13:38:34 IST">
      <class name="com.project.test.loginTest">
        <test-method status="PASS" signature="getdriver()[pri:0, instance:com.project.test.loginTest@5bcea91b]" name="getdriver" is-config="true" duration-ms="92174" started-at="2020-01-09T13:36:54 IST" finished-at="2020-01-09T13:38:26 IST">
          <reporter-output>
          </reporter-output>
        </test-method> <!-- getdriver -->
        <test-method status="PASS" signature="goToLoginWithValideUser()[pri:0, instance:com.project.test.loginTest@5bcea91b]" name="goToLoginWithValideUser" duration-ms="5413" started-at="2020-01-09T13:38:26 IST" description="go to login pages" finished-at="2020-01-09T13:38:32 IST">
          <reporter-output>
          </reporter-output>
        </test-method> <!-- goToLoginWithValideUser -->
        <test-method status="PASS" signature="tearDown()[pri:0, instance:com.project.test.loginTest@5bcea91b]" name="tearDown" is-config="true" duration-ms="1996" started-at="2020-01-09T13:38:32 IST" finished-at="2020-01-09T13:38:34 IST">
          <reporter-output>
          </reporter-output>
        </test-method> <!-- tearDown -->
      </class> <!-- com.project.test.loginTest -->
    </test> <!-- Default test -->
  </suite> <!-- Default suite -->
</testng-results>
